app/build/outputs/logs/manifest-merger-debug-report.txt
-- Merging decision tree log ---
manifest
ADDED from src/main/AndroidManifest.xml:1:1-51:12
	package
		ADDED from src/main/AndroidManifest.xml:2:5-30
		INJECTED from src/main/AndroidManifest.xml
		INJECTED from src/main/AndroidManifest.xml
	android:versionName
		ADDED from src/main/AndroidManifest.xml:4:5-30
		INJECTED from src/main/AndroidManifest.xml
		INJECTED from src/main/AndroidManifest.xml
	android:versionCode
		ADDED from src/main/AndroidManifest.xml:3:5-28
		INJECTED from src/main/AndroidManifest.xml
		INJECTED from src/main/AndroidManifest.xml
	xmlns:android
		ADDED from src/main/AndroidManifest.xml:1:11-69
uses-sdk
ADDED from src/main/AndroidManifest.xml:6:5-8:41
MERGED from [com.android.support:appcompat-v7:23.1.1] AndroidManifest.xml:20:5-43
MERGED from [com.android.support:support-v4:23.1.1] AndroidManifest.xml:20:5-43
MERGED from [com.android.support:design:23.1.1] AndroidManifest.xml:20:5-43
MERGED from [com.android.support:appcompat-v7:23.1.1] AndroidManifest.xml:20:5-43
MERGED from [com.android.support:support-v4:23.1.1] AndroidManifest.xml:20:5-43
MERGED from [com.android.support:recyclerview-v7:23.1.1] AndroidManifest.xml:20:5-43
MERGED from [com.android.support:support-v4:23.1.1] AndroidManifest.xml:20:5-43
MERGED from [com.android.support:support-v4:23.1.1] AndroidManifest.xml:20:5-43
	android:targetSdkVersion
		ADDED from src/main/AndroidManifest.xml:8:9-38
		INJECTED from src/main/AndroidManifest.xml
		INJECTED from src/main/AndroidManifest.xml
	android:minSdkVersion
		ADDED from src/main/AndroidManifest.xml:7:9-35
		INJECTED from src/main/AndroidManifest.xml
		INJECTED from src/main/AndroidManifest.xml
uses-permission#android.permission.RECORD_AUDIO
ADDED from src/main/AndroidManifest.xml:10:5-71
	android:name
		ADDED from src/main/AndroidManifest.xml:10:22-68
uses-permission#android.permission.INTERNET
ADDED from src/main/AndroidManifest.xml:11:5-67
	android:name
		ADDED from src/main/AndroidManifest.xml:11:22-64
uses-permission#android.permission.WRITE_EXTERNAL_STORAGE
ADDED from src/main/AndroidManifest.xml:12:5-81
	android:name
		ADDED from src/main/AndroidManifest.xml:12:22-78
uses-permission#android.permission.ACCESS_COARSE_LOCATION
ADDED from src/main/AndroidManifest.xml:13:5-81
	android:name
		ADDED from src/main/AndroidManifest.xml:13:22-78
uses-permission#android.permission.ACCESS_NETWORK_STATE
ADDED from src/main/AndroidManifest.xml:14:5-79
	android:name
		ADDED from src/main/AndroidManifest.xml:14:22-76
uses-permission#android.permission.ACCESS_FINE_LOCATION
ADDED from src/main/AndroidManifest.xml:15:5-79
	android:name
		ADDED from src/main/AndroidManifest.xml:15:22-76
uses-permission#android.permission.READ_PHONE_STATE
ADDED from src/main/AndroidManifest.xml:16:5-75
	android:name
		ADDED from src/main/AndroidManifest.xml:16:22-72
uses-permission#android.permission.CHANGE_WIFI_STATE
ADDED from src/main/AndroidManifest.xml:17:5-76
	android:name
		ADDED from src/main/AndroidManifest.xml:17:22-73
uses-permission#android.permission.ACCESS_WIFI_STATE
ADDED from src/main/AndroidManifest.xml:18:5-76
	android:name
		ADDED from src/main/AndroidManifest.xml:18:22-73
uses-permission#android.permission.CHANGE_CONFIGURATION
ADDED from src/main/AndroidManifest.xml:19:5-79
	android:name
		ADDED from src/main/AndroidManifest.xml:19:22-76
uses-permission#android.permission.WAKE_LOCK
ADDED from src/main/AndroidManifest.xml:20:5-68
	android:name
		ADDED from src/main/AndroidManifest.xml:20:22-65
uses-permission#android.permission.WRITE_SETTINGS
ADDED from src/main/AndroidManifest.xml:21:5-73
	android:name
		ADDED from src/main/AndroidManifest.xml:21:22-70
uses-permission#android.permission.VIBRATE
ADDED from src/main/AndroidManifest.xml:22:5-66
	android:name
		ADDED from src/main/AndroidManifest.xml:22:22-63
application
ADDED from src/main/AndroidManifest.xml:24:5-49:19
MERGED from [com.android.support:appcompat-v7:23.1.1] AndroidManifest.xml:22:5-20
MERGED from [com.android.support:support-v4:23.1.1] AndroidManifest.xml:22:5-20
MERGED from [com.android.support:design:23.1.1] AndroidManifest.xml:22:5-20
MERGED from [com.android.support:appcompat-v7:23.1.1] AndroidManifest.xml:22:5-20
MERGED from [com.android.support:support-v4:23.1.1] AndroidManifest.xml:22:5-20
MERGED from [com.android.support:support-v4:23.1.1] AndroidManifest.xml:22:5-20
MERGED from [com.android.support:support-v4:23.1.1] AndroidManifest.xml:22:5-20
	android:label
		ADDED from src/main/AndroidManifest.xml:27:9-41
	android:supportsRtl
		ADDED from src/main/AndroidManifest.xml:28:9-35
	android:allowBackup
		ADDED from src/main/AndroidManifest.xml:25:9-36
	android:icon
		ADDED from src/main/AndroidManifest.xml:26:9-41
	android:theme
		ADDED from src/main/AndroidManifest.xml:29:9-40
meta-data#com.amap.api.v2.apikey
ADDED from src/main/AndroidManifest.xml:33:9-108
	android:value
		ADDED from src/main/AndroidManifest.xml:33:58-106
	android:name
		ADDED from src/main/AndroidManifest.xml:33:20-57
service#com.amap.api.location.APSService
ADDED from src/main/AndroidManifest.xml:34:9-76
	android:name
		ADDED from src/main/AndroidManifest.xml:34:18-65
activity#project.idriver.ui.UIActivity
ADDED from src/main/AndroidManifest.xml:37:9-45:20
	android:screenOrientation
		ADDED from src/main/AndroidManifest.xml:39:13-50
	android:name
		ADDED from src/main/AndroidManifest.xml:38:13-57
intent-filter#android.intent.action.MAIN+android.intent.category.LAUNCHER
ADDED from src/main/AndroidManifest.xml:40:13-44:29
action#android.intent.action.MAIN
ADDED from src/main/AndroidManifest.xml:41:17-69
	android:name
		ADDED from src/main/AndroidManifest.xml:41:25-66
category#android.intent.category.LAUNCHER
ADDED from src/main/AndroidManifest.xml:43:17-77
	android:name
		ADDED from src/main/AndroidManifest.xml:43:27-74